{"timestamp":"2024-08-17T11:10:32.464Z","method":"GET","url":"/main.840b607afa378eeac898.hot-update.json","username":"Unknown User","body":{}}
{"timestamp":"2024-08-17T11:10:33.029Z","method":"GET","url":"/api/users/66c0844af69c6b52bf7f1990","userId":"66c0844af69c6b52bf7f1990","username":"Admin User","body":{"userId":"66c0844af69c6b52bf7f1990"}}
{"timestamp":"2024-08-17T11:10:33.029Z","method":"GET","url":"/api/users/66c0844af69c6b52bf7f1990","userId":"66c0844af69c6b52bf7f1990","username":"Admin User","body":{"userId":"66c0844af69c6b52bf7f1990"}}
{"timestamp":"2024-08-17T11:10:33.041Z","method":"GET","url":"/api/users/66c0844af69c6b52bf7f1990","userId":"66c0844af69c6b52bf7f1990","username":"Admin User","body":{"userId":"66c0844af69c6b52bf7f1990"}}
{"timestamp":"2024-08-17T11:10:33.057Z","method":"GET","url":"/api/users/66c0844af69c6b52bf7f1990","userId":"66c0844af69c6b52bf7f1990","username":"Admin User","body":{"userId":"66c0844af69c6b52bf7f1990"}}
{"timestamp":"2024-08-17T11:10:33.132Z","method":"GET","url":"/api/users/66c0844af69c6b52bf7f1990","userId":"66c0844af69c6b52bf7f1990","username":"Admin User","body":{"userId":"66c0844af69c6b52bf7f1990"}}
{"timestamp":"2024-08-17T11:10:33.155Z","method":"GET","url":"/api/users/activity","userId":"66c0844af69c6b52bf7f1990","username":"Admin User","body":{"userId":"66c0844af69c6b52bf7f1990"}}
{"timestamp":"2024-08-17T11:10:34.937Z","method":"GET","url":"/api/users/66c0844af69c6b52bf7f1990","userId":"66c0844af69c6b52bf7f1990","username":"Admin User","body":{"userId":"66c0844af69c6b52bf7f1990"}}
{"timestamp":"2024-08-17T11:31:20.416Z","method":"POST","url":"/api/auth/login","username":"Unknown User","body":{"email":"random@gmail.com","password":"Bigyan@1234"}}
{"timestamp":"2024-08-17T11:31:20.567Z","method":"GET","url":"/api/users/66c0634f38b922736482926e","userId":"66c0634f38b922736482926e","username":"random","body":{"userId":"66c0634f38b922736482926e"}}
{"timestamp":"2024-08-17T11:31:20.567Z","method":"GET","url":"/api/users/66c0634f38b922736482926e","userId":"66c0634f38b922736482926e","username":"random","body":{"userId":"66c0634f38b922736482926e"}}
{"timestamp":"2024-08-17T11:31:20.568Z","method":"GET","url":"/api/users/66c0634f38b922736482926e","userId":"66c0634f38b922736482926e","username":"random","body":{"userId":"66c0634f38b922736482926e"}}
{"timestamp":"2024-08-17T11:31:20.610Z","method":"GET","url":"/api/users/66c0634f38b922736482926e","userId":"66c0634f38b922736482926e","username":"random","body":{"userId":"66c0634f38b922736482926e"}}
{"timestamp":"2024-08-17T11:31:20.654Z","method":"GET","url":"/api/bookings/66c0634f38b922736482926e","userId":"66c0634f38b922736482926e","username":"random","body":{"userId":"66c0634f38b922736482926e"}}
{"timestamp":"2024-08-17T11:31:20.657Z","method":"GET","url":"/api/users/66c0634f38b922736482926e","userId":"66c0634f38b922736482926e","username":"random","body":{"userId":"66c0634f38b922736482926e"}}
{"timestamp":"2024-08-17T11:31:20.660Z","method":"GET","url":"/api/users/66c0634f38b922736482926e","userId":"66c0634f38b922736482926e","username":"random","body":{"userId":"66c0634f38b922736482926e"}}
{"timestamp":"2024-08-17T11:31:20.698Z","method":"GET","url":"/api/users/66c0634f38b922736482926e","userId":"66c0634f38b922736482926e","username":"random","body":{"userId":"66c0634f38b922736482926e"}}
{"timestamp":"2024-08-17T11:31:22.090Z","method":"GET","url":"/api/users/66c0634f38b922736482926e","userId":"66c0634f38b922736482926e","username":"random","body":{"userId":"66c0634f38b922736482926e"}}
{"timestamp":"2024-08-17T11:31:22.124Z","method":"GET","url":"/api/users/66c0634f38b922736482926e","userId":"66c0634f38b922736482926e","username":"random","body":{"userId":"66c0634f38b922736482926e"}}
{"timestamp":"2024-08-17T11:31:22.126Z","method":"GET","url":"/api/users/66c0634f38b922736482926e","userId":"66c0634f38b922736482926e","username":"random","body":{"userId":"66c0634f38b922736482926e"}}
{"timestamp":"2024-08-17T11:31:22.128Z","method":"GET","url":"/api/users/66c0634f38b922736482926e","userId":"66c0634f38b922736482926e","username":"random","body":{"userId":"66c0634f38b922736482926e"}}
{"timestamp":"2024-08-17T11:31:22.169Z","method":"GET","url":"/api/users/66c0634f38b922736482926e","userId":"66c0634f38b922736482926e","username":"random","body":{"userId":"66c0634f38b922736482926e"}}
{"timestamp":"2024-08-17T11:31:29.826Z","method":"POST","url":"/api/change/password","userId":"66c0634f38b922736482926e","username":"random","body":{"currentPassword":"Bigyan@1234","newPassword":"Bigyan@1234","confirmPassword":"Bigyan@1234","userId":"66c0634f38b922736482926e"}}
{"timestamp":"2024-08-17T11:31:29.999Z","method":"GET","url":"/api/users/66c0634f38b922736482926e","userId":"66c0634f38b922736482926e","username":"random","body":{"userId":"66c0634f38b922736482926e"}}
{"timestamp":"2024-08-17T11:31:30.031Z","method":"GET","url":"/api/users/66c0634f38b922736482926e","userId":"66c0634f38b922736482926e","username":"random","body":{"userId":"66c0634f38b922736482926e"}}
{"timestamp":"2024-08-22T08:36:57.391Z","method":"POST","url":"/api/auth/login","username":"Unknown User","body":{"email":"admin@gmail.com","password":"Admin123"}}
